============================= test session starts ==============================
platform darwin -- Python 3.14.0, pytest-9.1.1, pluggy-1.6.0 -- <repo>/.venv-tools/bin/python3.14
cachedir: .pytest_cache
rootdir: <repo>/labs/sections/capstone/day-357-milestone-review-and-course-correction
plugins: cov-7.1.0, anyio-4.14.2
collecting ... collected 5 items

tests/test_audit.py::test_latency_profiling_compliance PASSED            [ 20%]
tests/test_audit.py::test_milestone_approval_on_healthy_system PASSED    [ 40%]
tests/test_audit.py::test_milestone_rejection_on_low_accuracy PASSED     [ 60%]
tests/test_audit.py::test_milestone_rejection_on_schema_invalid PASSED   [ 80%]
tests/test_audit.py::test_milestone_rejection_on_latency_exceeded PASSED [100%]

============================== 5 passed in 0.03s ===============================
