============================= test session starts ==============================
platform darwin -- Python 3.14.0, pytest-9.1.1, pluggy-1.6.0 -- <repo>/.venv-tools/bin/python3.14
cachedir: .pytest_cache
rootdir: <repo>/labs/sections/deployment-mlops-and-security/day-340-logging-and-analytics-for-ai-features
plugins: cov-7.1.0, anyio-4.14.2
collecting ... collected 5 items

tests/test_logging_analytics.py::test_pii_sanitization PASSED            [ 20%]
tests/test_logging_analytics.py::test_structured_log_emission_with_trace PASSED [ 40%]
tests/test_logging_analytics.py::test_cost_calculation PASSED            [ 60%]
tests/test_logging_analytics.py::test_multi_tenant_ledger_aggregation PASSED [ 80%]
tests/test_logging_analytics.py::test_auto_generated_trace_id PASSED     [100%]

============================== 5 passed in 0.02s ===============================
