============================= test session starts ==============================
platform darwin -- Python 3.14.0, pytest-9.1.1, pluggy-1.6.0 -- <repo>/.venv-tools/bin/python3.14
cachedir: .pytest_cache
rootdir: <repo>/labs/sections/ai-engineering/day-312-regression-testing-for-prompts-and-models
plugins: cov-7.1.0, anyio-4.14.2
collecting ... collected 5 items

tests/test_regression_runner.py::test_regression_gate_approved_on_improvement PASSED [ 20%]
tests/test_regression_runner.py::test_regression_gate_approved_within_tolerance PASSED [ 40%]
tests/test_regression_runner.py::test_regression_gate_rejected_on_severe_accuracy_drop PASSED [ 60%]
tests/test_regression_runner.py::test_regression_gate_rejected_on_schema_invalidity PASSED [ 80%]
tests/test_regression_runner.py::test_regression_gate_rejected_on_golden_failure PASSED [100%]

============================== 5 passed in 0.01s ===============================
