============================= test session starts ==============================
platform darwin -- Python 3.14.0, pytest-9.1.1, pluggy-1.6.0 -- <repo>/.venv-tools/bin/python3.14
cachedir: .pytest_cache
rootdir: <repo>/labs/sections/ai-engineering/day-318-chat-ux-and-streaming-frontends
plugins: cov-7.1.0, anyio-4.14.2
collecting ... collected 5 items

tests/test_chat_stream_frontend.py::test_optimistic_user_message PASSED  [ 20%]
tests/test_chat_stream_frontend.py::test_append_stream_tokens PASSED     [ 40%]
tests/test_chat_stream_frontend.py::test_smart_auto_scroll_behavior PASSED [ 60%]
tests/test_chat_stream_frontend.py::test_abort_stream_preserves_partial PASSED [ 80%]
tests/test_chat_stream_frontend.py::test_complete_stream PASSED          [100%]

============================== 5 passed in 0.01s ===============================
