============================= test session starts ==============================
platform darwin -- Python 3.14.0, pytest-9.1.1, pluggy-1.6.0 -- <repo>/.venv-tools/bin/python3.14
cachedir: .pytest_cache
rootdir: <repo>/labs/sections/ai-engineering/day-315-an-evaluation-harness
plugins: cov-7.1.0, anyio-4.14.2
collecting ... collected 5 items

tests/test_eval_harness.py::test_evaluate_case_perfect_match PASSED      [ 20%]
tests/test_eval_harness.py::test_evaluate_case_partial_match PASSED      [ 40%]
tests/test_eval_harness.py::test_report_approved_on_improvement PASSED   [ 60%]
tests/test_eval_harness.py::test_report_rejected_on_regression PASSED    [ 80%]
tests/test_eval_harness.py::test_report_rejected_on_golden_failure PASSED [100%]

============================== 5 passed in 0.01s ===============================
