============================= test session starts ==============================
platform darwin -- Python 3.14.0, pytest-9.1.1, pluggy-1.6.0 -- <repo>/.venv-tools/bin/python3.14
cachedir: .pytest_cache
rootdir: <repo>/labs/sections/ai-engineering/day-298-mcp-resources-and-prompts
plugins: cov-7.1.0, anyio-4.14.2
collecting ... collected 5 items

tests/test_mcp_resources_prompts.py::test_resources_list_and_read PASSED [ 20%]
tests/test_mcp_resources_prompts.py::test_resource_not_found PASSED      [ 40%]
tests/test_mcp_resources_prompts.py::test_prompts_list_and_get PASSED    [ 60%]
tests/test_mcp_resources_prompts.py::test_prompt_not_found PASSED        [ 80%]
tests/test_mcp_resources_prompts.py::test_unsupported_method PASSED      [100%]

============================== 5 passed in 0.01s ===============================
