============================= test session starts ==============================
platform darwin -- Python 3.14.0, pytest-9.1.1, pluggy-1.6.0 -- <repo>/.venv-tools/bin/python3.14
cachedir: .pytest_cache
rootdir: <repo>/labs/sections/ai-engineering/day-295-what-mcp-is-and-why-it
plugins: cov-7.1.0, anyio-4.14.2
collecting ... collected 5 items

tests/test_mcp_protocol.py::test_mcp_initialize PASSED                   [ 20%]
tests/test_mcp_protocol.py::test_mcp_notification_ignored PASSED         [ 40%]
tests/test_mcp_protocol.py::test_mcp_tools_list_and_call PASSED          [ 60%]
tests/test_mcp_protocol.py::test_mcp_unknown_tool PASSED                 [ 80%]
tests/test_mcp_protocol.py::test_mcp_parse_error PASSED                  [100%]

============================== 5 passed in 0.01s ===============================
