============================= test session starts ==============================
platform darwin -- Python 3.14.0, pytest-9.1.1, pluggy-1.6.0 -- <repo>/.venv-tools/bin/python3.14
cachedir: .pytest_cache
rootdir: <repo>/labs/sections/deployment-mlops-and-security/day-334-cloud-options-and-free-tiers
plugins: cov-7.1.0, anyio-4.14.2
collecting ... collected 5 items

tests/test_speculative_decoding.py::test_prefix_cache_lookup PASSED      [ 20%]
tests/test_speculative_decoding.py::test_perfect_speculative_acceptance_with_bonus PASSED [ 40%]
tests/test_speculative_decoding.py::test_partial_speculative_acceptance_with_rejection PASSED [ 60%]
tests/test_speculative_decoding.py::test_immediate_first_token_rejection PASSED [ 80%]
tests/test_speculative_decoding.py::test_empty_draft_tokens PASSED       [100%]

============================== 5 passed in 0.02s ===============================
