============================= test session starts ==============================
platform darwin -- Python 3.14.0, pytest-9.1.1, pluggy-1.6.0 -- <repo>/.venv-tools/bin/python3.14
cachedir: .pytest_cache
rootdir: <repo>/labs/sections/ai-engineering/projects/week-43
plugins: cov-7.1.0, anyio-4.14.2
collecting ... collected 5 items

tests/test_personal_mcp_daemon.py::test_daemon_initialize_and_tools PASSED [ 20%]
tests/test_personal_mcp_daemon.py::test_daemon_tool_calls PASSED         [ 40%]
tests/test_personal_mcp_daemon.py::test_daemon_resources PASSED          [ 60%]
tests/test_personal_mcp_daemon.py::test_daemon_prompts PASSED            [ 80%]
tests/test_personal_mcp_daemon.py::test_daemon_path_sanitization PASSED  [100%]

============================== 5 passed in 0.02s ===============================
