============================= test session starts ==============================
platform darwin -- Python 3.14.0, pytest-9.1.1, pluggy-1.6.0 -- <repo>/.venv-tools/bin/python3.14
cachedir: .pytest_cache
rootdir: <repo>/labs/sections/deployment-mlops-and-security/day-349-red-teaming-your-own-systems
plugins: cov-7.1.0, anyio-4.14.2
collecting ... collected 5 items

tests/test_red_teaming.py::test_safety_judge_canary_leak_detection PASSED [ 20%]
tests/test_red_teaming.py::test_safety_judge_refusal_recognition PASSED  [ 40%]
tests/test_red_teaming.py::test_automated_fuzzer_execution PASSED        [ 60%]
tests/test_red_teaming.py::test_perfect_safety_zero_asr PASSED           [ 80%]
tests/test_red_teaming.py::test_empty_probe_handling PASSED              [100%]

============================== 5 passed in 0.01s ===============================
