============================= test session starts ==============================
platform darwin -- Python 3.14.0, pytest-9.1.1, pluggy-1.6.0 -- <repo>/.venv-tools/bin/python3.14
cachedir: .pytest_cache
rootdir: <repo>/labs/sections/ai-engineering/day-306-reviewing-and-trusting-ai-written-code
plugins: cov-7.1.0, anyio-4.14.2
collecting ... collected 4 items

tests/test_code_review.py::test_clean_code_passes PASSED                 [ 25%]
tests/test_code_review.py::test_unapproved_dependency_detected PASSED    [ 50%]
tests/test_code_review.py::test_insecure_shell_detected PASSED           [ 75%]
tests/test_code_review.py::test_weak_assertion_detected PASSED           [100%]

============================== 4 passed in 0.01s ===============================
