============================= test session starts ==============================
platform darwin -- Python 3.14.0, pytest-9.1.1, pluggy-1.6.0 -- <repo>/.venv-tools/bin/python3.14
cachedir: .pytest_cache
rootdir: <repo>/labs/sections/ai-engineering/day-319-auth-quotas-and-billing
plugins: cov-7.1.0, anyio-4.14.2
collecting ... collected 5 items

tests/test_auth_billing.py::test_register_and_pre_auth PASSED            [ 20%]
tests/test_auth_billing.py::test_invalid_api_key_rejection PASSED        [ 40%]
tests/test_auth_billing.py::test_insufficient_available_balance PASSED   [ 60%]
tests/test_auth_billing.py::test_rate_limit_rpm_enforcement PASSED       [ 80%]
tests/test_auth_billing.py::test_settle_token_usage PASSED               [100%]

============================== 5 passed in 0.04s ===============================
