============================= test session starts ==============================
platform darwin -- Python 3.14.0, pytest-9.1.1, pluggy-1.6.0 -- <repo>/.venv-tools/bin/python3.14
cachedir: .pytest_cache
rootdir: <repo>/labs/sections/ai-engineering/day-313-guardrails-and-content-moderation
plugins: cov-7.1.0, anyio-4.14.2
collecting ... collected 5 items

tests/test_guardrails.py::test_pii_redaction PASSED                      [ 20%]
tests/test_guardrails.py::test_prompt_injection_detection PASSED         [ 40%]
tests/test_guardrails.py::test_process_input_clean PASSED                [ 60%]
tests/test_guardrails.py::test_process_input_injection_blocked PASSED    [ 80%]
tests/test_guardrails.py::test_process_input_empty PASSED                [100%]

============================== 5 passed in 0.01s ===============================
