============================= test session starts ==============================
platform darwin -- Python 3.14.0, pytest-9.1.1, pluggy-1.6.0 -- <repo>/.venv-tools/bin/python3.14
cachedir: .pytest_cache
rootdir: <repo>/labs/sections/capstone/day-354-core-ai-features
plugins: cov-7.1.0, anyio-4.14.2
collecting ... collected 5 items

tests/test_core_ai.py::test_prompt_synthesis_formatting PASSED           [ 20%]
tests/test_core_ai.py::test_valid_json_schema_parsing PASSED             [ 40%]
tests/test_core_ai.py::test_circuit_breaker_failover PASSED              [ 60%]
tests/test_core_ai.py::test_primary_timeout_detection PASSED             [ 80%]
tests/test_core_ai.py::test_self_healing_repair_loop PASSED              [100%]

============================== 5 passed in 0.07s ===============================
