============================= test session starts ==============================
platform darwin -- Python 3.14.0, pytest-9.1.1, pluggy-1.6.0 -- <venv>/bin/python3.14
cachedir: .pytest_cache
rootdir: <repo>/labs/sections/programming-with-python/day-082-a-first-web-api-with-fastapi/examples
configfile: pytest.ini
plugins: cov-7.1.0, anyio-4.14.2
collecting ... collected 42 items

examples/test_api.py::test_a_valid_create_returns_201 PASSED             [  2%]
examples/test_api.py::test_a_valid_create_returns_the_response_model_shape PASSED [  4%]
examples/test_api.py::test_create_sets_a_location_header_naming_the_new_resource PASSED [  7%]
examples/test_api.py::test_the_id_is_server_generated_and_a_client_cannot_choose_it PASSED [  9%]
examples/test_api.py::test_an_empty_title_is_422_and_the_detail_names_the_field PASSED [ 11%]
examples/test_api.py::test_a_non_url_is_422_and_the_detail_names_the_field PASSED [ 14%]
examples/test_api.py::test_a_missing_required_field_is_422 PASSED        [ 16%]
examples/test_api.py::test_two_bad_fields_produce_two_entries_in_one_response PASSED [ 19%]
examples/test_api.py::test_a_rejected_body_is_never_stored PASSED        [ 21%]
examples/test_api.py::test_an_out_of_range_query_parameter_is_422 PASSED [ 23%]
examples/test_api.py::test_a_non_numeric_query_parameter_is_422 PASSED   [ 26%]
examples/test_api.py::test_the_response_does_not_contain_the_internal_owner_token PASSED [ 28%]
examples/test_api.py::test_no_endpoint_leaks_the_internal_field PASSED   [ 30%]
examples/test_api.py::test_the_openapi_schema_does_not_advertise_the_internal_field PASSED [ 33%]
examples/test_api.py::test_get_one_returns_what_was_created PASSED       [ 35%]
examples/test_api.py::test_a_missing_bookmark_is_404_with_a_detail_and_no_traceback PASSED [ 38%]
examples/test_api.py::test_listing_returns_every_bookmark PASSED         [ 40%]
examples/test_api.py::test_listing_filters_by_tag PASSED                 [ 42%]
examples/test_api.py::test_listing_respects_the_limit PASSED             [ 45%]
examples/test_api.py::test_patch_changes_only_the_fields_that_were_sent PASSED [ 47%]
examples/test_api.py::test_patch_validates_too PASSED                    [ 50%]
examples/test_api.py::test_patching_a_missing_bookmark_is_404 PASSED     [ 52%]
examples/test_api.py::test_delete_returns_204_with_an_empty_body PASSED  [ 54%]
examples/test_api.py::test_after_delete_the_bookmark_is_gone PASSED      [ 57%]
examples/test_api.py::test_deleting_a_missing_bookmark_is_404 PASSED     [ 59%]
examples/test_api.py::test_health_reports_the_count PASSED               [ 61%]
examples/test_api.py::test_the_openapi_schema_is_generated PASSED        [ 64%]
examples/test_api.py::test_the_openapi_schema_contains_every_declared_path PASSED [ 66%]
examples/test_api.py::test_the_schema_records_the_status_codes_the_handlers_declared PASSED [ 69%]
examples/test_api.py::test_the_schema_records_the_validation_constraints PASSED [ 71%]
examples/test_api.py::test_the_interactive_documentation_is_served PASSED [ 73%]
examples/test_api.py::test_the_injected_storage_is_the_one_the_handlers_used PASSED [ 76%]
examples/test_api.py::test_no_file_was_written_anywhere_near_this_lab PASSED [ 78%]
examples/test_api.py::test_the_production_dependency_would_have_touched_a_file PASSED [ 80%]
examples/test_type_demo.py::test_a_path_parameter_is_converted_to_the_declared_type PASSED [ 83%]
examples/test_type_demo.py::test_a_path_parameter_that_cannot_convert_is_422 PASSED [ 85%]
examples/test_type_demo.py::test_query_defaults_apply_when_nothing_is_sent PASSED [ 88%]
examples/test_type_demo.py::test_a_missing_required_query_parameter_is_422 PASSED [ 90%]
examples/test_type_demo.py::test_a_boolean_query_parameter_accepts_the_spellings_http_carries PASSED [ 92%]
examples/test_type_demo.py::test_a_query_constraint_is_enforced PASSED   [ 95%]
examples/test_type_demo.py::test_an_unhandled_exception_becomes_a_500_with_no_traceback PASSED [ 97%]
examples/test_type_demo.py::test_the_same_route_works_when_the_arguments_are_valid PASSED [100%]

============================== 42 passed in 0.24s ==============================
