============================= test session starts ==============================
platform darwin -- Python 3.14.0, pytest-9.1.1, pluggy-1.6.0 -- <repo>/.venv-tools/bin/python3.14
cachedir: .pytest_cache
rootdir: <repo>/labs/sections/capstone/day-351-choosing-and-scoping-your-capstone
plugins: cov-7.1.0, anyio-4.14.2
collecting ... collected 5 items

tests/test_scoping.py::test_valid_charter_evaluation PASSED              [ 20%]
tests/test_scoping.py::test_missing_pillars_penalty PASSED               [ 40%]
tests/test_scoping.py::test_excessive_latency_sla_penalty PASSED         [ 60%]
tests/test_scoping.py::test_low_eval_accuracy_sla_penalty PASSED         [ 80%]
tests/test_scoping.py::test_unviable_charter_rejection PASSED            [100%]

============================== 5 passed in 0.01s ===============================
