============================= test session starts ==============================
platform darwin -- Python 3.14.0, pytest-9.1.1, pluggy-1.6.0 -- <repo>/.venv-tools/bin/python3.14
cachedir: .pytest_cache
rootdir: <repo>/labs/sections/capstone/day-352-architecture-and-design-document
plugins: cov-7.1.0, anyio-4.14.2
collecting ... collected 3 items

tests/test_architecture_linter.py::test_linter_approves_complete_add PASSED [ 33%]
tests/test_architecture_linter.py::test_missing_sections_rejection PASSED [ 66%]
tests/test_architecture_linter.py::test_missing_circuit_breaker_detection PASSED [100%]

============================== 3 passed in 0.01s ===============================
