============================= test session starts ==============================
platform darwin -- Python 3.14.0, pytest-9.1.1, pluggy-1.6.0 -- <repo>/.venv-tools/bin/python3.14
cachedir: .pytest_cache
rootdir: <repo>/labs/sections/deployment-mlops-and-security/day-336-a-containerized-ai-deployment
plugins: cov-7.1.0, anyio-4.14.2
collecting ... collected 5 items

tests/test_ai_gateway.py::test_lor_load_balancing_selects_least_active PASSED [ 20%]
tests/test_ai_gateway.py::test_active_request_decrement_on_complete PASSED [ 40%]
tests/test_ai_gateway.py::test_circuit_breaker_tripping_on_consecutive_failures PASSED [ 60%]
tests/test_ai_gateway.py::test_circuit_breaker_open_returns_fallback PASSED [ 80%]
tests/test_ai_gateway.py::test_circuit_breaker_half_open_recovery PASSED [100%]

============================== 5 passed in 0.01s ===============================
