============================= test session starts ==============================
platform darwin -- Python 3.14.0, pytest-9.1.1, pluggy-1.6.0 -- <repo>/.venv-tools/bin/python3.14
cachedir: .pytest_cache
rootdir: <repo>/labs/sections/deployment-mlops-and-security/day-339-monitoring-and-alerting
plugins: cov-7.1.0, anyio-4.14.2
collecting ... collected 5 items

tests/test_monitoring_alerting.py::test_percentile_calculation PASSED    [ 20%]
tests/test_monitoring_alerting.py::test_high_tail_latency_alert_trigger PASSED [ 40%]
tests/test_monitoring_alerting.py::test_error_rate_alert_trigger PASSED  [ 60%]
tests/test_monitoring_alerting.py::test_healthy_traffic_zero_alerts PASSED [ 80%]
tests/test_monitoring_alerting.py::test_empty_metrics_handling PASSED    [100%]

============================== 5 passed in 0.04s ===============================
