============================= test session starts ==============================
platform darwin -- Python 3.14.0, pytest-9.1.1, pluggy-1.6.0 -- <repo>/.venv-tools/bin/python3.14
cachedir: .pytest_cache
rootdir: <repo>/labs/sections/ai-engineering/day-320-latency-and-caching
plugins: cov-7.1.0, anyio-4.14.2
collecting ... collected 5 items

tests/test_caching_engine.py::test_tier_1_exact_hash_hit PASSED          [ 20%]
tests/test_caching_engine.py::test_tier_2_semantic_hit PASSED            [ 40%]
tests/test_caching_engine.py::test_cache_miss_on_novel_query PASSED      [ 60%]
tests/test_caching_engine.py::test_ttl_expiration PASSED                 [ 80%]
tests/test_caching_engine.py::test_cosine_similarity_edge_cases PASSED   [100%]

============================== 5 passed in 0.08s ===============================
