============================= test session starts ==============================
platform darwin -- Python 3.14.0, pytest-9.1.1, pluggy-1.6.0 -- <repo>/.venv-tools/bin/python3.14
cachedir: .pytest_cache
rootdir: <repo>/labs/sections/ai-engineering/projects/week-44
collecting ... collected 4 items

tests/test_agent_feature_pipeline.py::test_generate_repo_map PASSED      [ 25%]
tests/test_agent_feature_pipeline.py::test_apply_patch_success PASSED    [ 50%]
tests/test_agent_feature_pipeline.py::test_audit_security PASSED         [ 75%]
tests/test_agent_feature_pipeline.py::test_run_tests_and_format_walkthrough PASSED [100%]

============================== 4 passed in 0.06s ===============================
