============================= test session starts ==============================
platform darwin -- Python 3.14.0, pytest-9.1.1, pluggy-1.6.0 -- <repo>/.venv-tools/bin/python3.14
cachedir: .pytest_cache
rootdir: <repo>/labs/sections/deployment-mlops-and-security/day-344-threat-modeling-ai-systems
plugins: cov-7.1.0, anyio-4.14.2
collecting ... collected 5 items

tests/test_threat_modeling.py::test_dread_score_calculation_and_severity PASSED [ 20%]
tests/test_threat_modeling.py::test_severity_tier_classification PASSED  [ 40%]
tests/test_threat_modeling.py::test_invalid_dread_criteria_raises_error PASSED [ 60%]
tests/test_threat_modeling.py::test_prioritized_remediation_sorting PASSED [ 80%]
tests/test_threat_modeling.py::test_empty_threat_model PASSED            [100%]

============================== 5 passed in 0.01s ===============================
