============================= test session starts ==============================
platform darwin -- Python 3.14.0, pytest-9.1.1, pluggy-1.6.0 -- <repo>/.venv-tools/bin/python3.14
cachedir: .pytest_cache
rootdir: <repo>/labs/sections/ai-engineering/projects/week-46
plugins: cov-7.1.0, anyio-4.14.2
collecting ... collected 5 items

tests/test_full_stack_ai_app_suite.py::test_full_stack_chat_transaction PASSED [ 20%]
tests/test_full_stack_ai_app_suite.py::test_exact_and_semantic_caching PASSED [ 40%]
tests/test_full_stack_ai_app_suite.py::test_insufficient_credit_rejection PASSED [ 60%]
tests/test_full_stack_ai_app_suite.py::test_multi_provider_failover PASSED [ 80%]
tests/test_full_stack_ai_app_suite.py::test_all_providers_failed_hold_release PASSED [100%]

============================== 5 passed in 0.02s ===============================
