============================= test session starts ==============================
platform darwin -- Python 3.14.0, pytest-9.1.1, pluggy-1.6.0 -- <repo>/.venv-tools/bin/python3.14
cachedir: .pytest_cache
rootdir: <repo>/labs/sections/ai-engineering/projects/week-45
plugins: cov-7.1.0, anyio-4.14.2
collecting ... collected 5 items

tests/test_evaluation_harness_suite.py::test_add_and_deduplicate_cases PASSED [ 20%]
tests/test_evaluation_harness_suite.py::test_multi_tier_metric_scoring PASSED [ 40%]
tests/test_evaluation_harness_suite.py::test_json_f1_metric PASSED       [ 60%]
tests/test_evaluation_harness_suite.py::test_regression_gate_approval PASSED [ 80%]
tests/test_evaluation_harness_suite.py::test_regression_gate_rejection_on_golden_failure PASSED [100%]

============================== 5 passed in 0.02s ===============================
