============================= test session starts ==============================
platform darwin -- Python 3.14.0, pytest-9.1.1, pluggy-1.6.0 -- <repo>/.venv-tools/bin/python3.14
cachedir: .pytest_cache
rootdir: <repo>/labs/sections/deployment-mlops-and-security/day-337-deploying-to-a-cloud-service
plugins: cov-7.1.0, anyio-4.14.2
collecting ... collected 5 items

tests/test_cloud_deployment.py::test_initial_deployment_state PASSED     [ 20%]
tests/test_cloud_deployment.py::test_successful_blue_to_green_cutover PASSED [ 40%]
tests/test_cloud_deployment.py::test_subsequent_green_to_blue_cutover PASSED [ 60%]
tests/test_cloud_deployment.py::test_failed_health_check_aborts_cutover PASSED [ 80%]
tests/test_cloud_deployment.py::test_deployment_history_logging PASSED   [100%]

============================== 5 passed in 0.01s ===============================
