============================= test session starts ==============================
platform darwin -- Python 3.14.0, pytest-9.1.1, pluggy-1.6.0 -- <repo>/.venv-tools/bin/python3.14
cachedir: .pytest_cache
rootdir: <repo>/labs/sections/deployment-mlops-and-security/day-348-ai-governance-and-regulation
plugins: cov-7.1.0, anyio-4.14.2
collecting ... collected 5 items

tests/test_ai_governance.py::test_high_risk_classification PASSED        [ 20%]
tests/test_ai_governance.py::test_prohibited_unacceptable_risk_flagged PASSED [ 40%]
tests/test_ai_governance.py::test_gpai_systemic_risk_classification PASSED [ 60%]
tests/test_ai_governance.py::test_disparate_impact_fairness_calculation PASSED [ 80%]
tests/test_ai_governance.py::test_model_card_generation PASSED           [100%]

============================== 5 passed in 0.02s ===============================
