============================= test session starts ==============================
platform darwin -- Python 3.14.0, pytest-9.1.1, pluggy-1.6.0 -- <repo>/.venv-tools/bin/python3.14
cachedir: .pytest_cache
rootdir: <repo>/labs/sections/deployment-mlops-and-security/projects/week-50
plugins: cov-7.1.0, anyio-4.14.2
collecting ... collected 5 items

tests/test_ai_security_review.py::test_pii_vault_and_ingress_enclosure PASSED [ 20%]
tests/test_ai_security_review.py::test_prompt_firewall_blocks_jailbreak PASSED [ 40%]
tests/test_ai_security_review.py::test_egress_canary_leak_blocking PASSED [ 60%]
tests/test_ai_security_review.py::test_supply_chain_audit_and_aibom PASSED [ 80%]
tests/test_ai_security_review.py::test_red_team_audit_execution PASSED   [100%]

============================== 5 passed in 0.02s ===============================
