============================= test session starts ==============================
platform darwin -- Python 3.14.0, pytest-9.1.1, pluggy-1.6.0 -- <repo>/.venv-tools/bin/python3.14
cachedir: .pytest_cache
rootdir: <repo>/labs/sections/deployment-mlops-and-security/day-347-model-and-supply-chain-security
plugins: cov-7.1.0, anyio-4.14.2
collecting ... collected 5 items

tests/test_model_security.py::test_insecure_pickle_format_detected PASSED [ 20%]
tests/test_model_security.py::test_safetensors_compliance PASSED         [ 40%]
tests/test_model_security.py::test_sha256_hash_calculation PASSED        [ 60%]
tests/test_model_security.py::test_aibom_manifest_structure PASSED       [ 80%]
tests/test_model_security.py::test_nonexistent_directory PASSED          [100%]

============================== 5 passed in 0.02s ===============================
