============================= test session starts ==============================
platform darwin -- Python 3.14.0, pytest-9.1.1, pluggy-1.6.0 -- <repo>/.venv-tools/bin/python3.14
cachedir: .pytest_cache
rootdir: <repo>/labs/sections/ai-engineering/day-321-vendor-abstraction-and-fallbacks
plugins: cov-7.1.0, anyio-4.14.2
collecting ... collected 5 items

tests/test_vendor_router.py::test_primary_provider_success PASSED        [ 20%]
tests/test_vendor_router.py::test_secondary_failover_when_primary_fails PASSED [ 40%]
tests/test_vendor_router.py::test_tertiary_fallback_when_top_two_fail PASSED [ 60%]
tests/test_vendor_router.py::test_all_providers_failed PASSED            [ 80%]
tests/test_vendor_router.py::test_unhealthy_provider_flag PASSED         [100%]

============================== 5 passed in 0.01s ===============================
