============================= test session starts ==============================
platform darwin -- Python 3.14.0, pytest-9.1.1, pluggy-1.6.0 -- <repo>/.venv-tools/bin/python3.14
cachedir: .pytest_cache
rootdir: <repo>/labs/sections/ai-engineering/day-316-architecture-of-an-ai-product
plugins: cov-7.1.0, anyio-4.14.2
collecting ... collected 5 items

tests/test_product_dispatcher.py::test_valid_dispatch_and_credit_deduction PASSED [ 20%]
tests/test_product_dispatcher.py::test_cached_query_zero_cost PASSED     [ 40%]
tests/test_product_dispatcher.py::test_unauthorized_tenant PASSED        [ 60%]
tests/test_product_dispatcher.py::test_zero_credit_rejection PASSED      [ 80%]
tests/test_product_dispatcher.py::test_rate_limit_rejection PASSED       [100%]

============================== 5 passed in 0.01s ===============================
