============================= test session starts ==============================
platform darwin -- Python 3.14.0, pytest-9.1.1, pluggy-1.6.0 -- <repo>/.venv-tools/bin/python3.14
cachedir: .pytest_cache
rootdir: <repo>/labs/sections/ai-engineering/day-322-a-full-stack-ai-application
plugins: cov-7.1.0, anyio-4.14.2
collecting ... collected 5 items

tests/test_full_stack_app.py::test_normal_chat_request PASSED            [ 20%]
tests/test_full_stack_app.py::test_exact_cache_hit PASSED                [ 40%]
tests/test_full_stack_app.py::test_payment_required_insufficient_credit PASSED [ 60%]
tests/test_full_stack_app.py::test_multi_provider_failover PASSED        [ 80%]
tests/test_full_stack_app.py::test_upstream_outage_all_providers_fail PASSED [100%]

============================== 5 passed in 0.02s ===============================
